0 verbose cli /opt/homebrew/Cellar/node/23.11.0/bin/node /opt/homebrew/bin/npm
1 info using npm@10.9.2
2 info using node@v23.11.0
3 silly config load:file:/opt/homebrew/lib/node_modules/npm/npmrc
4 silly config load:file:/Users/mitch/MailMountains Projects/Web App/mailmountains/.npmrc
5 silly config load:file:/Users/mitch/.npmrc
6 silly config load:file:/opt/homebrew/etc/npmrc
7 verbose title npm install
8 verbose argv "install" "--cache" "./.npm-cache" "--color" "always"
9 verbose logfile logs-max:10 dir:/Users/mitch/MailMountains Projects/Web App/mailmountains/.npm-cache/_logs/2025-08-19T12_41_33_088Z-
10 verbose logfile /Users/mitch/MailMountains Projects/Web App/mailmountains/.npm-cache/_logs/2025-08-19T12_41_33_088Z-debug-0.log
11 silly logfile done cleaning log files
12 silly packumentCache heap:4345298944 maxSize:1086324736 maxEntrySize:543162368
13 silly idealTree buildDeps
14 silly fetch manifest @clerk/nextjs@latest
15 silly packumentCache full:https://registry.npmjs.org/@clerk%2fnextjs cache-miss
16 http fetch GET 200 https://registry.npmjs.org/npm 88ms
17 http fetch GET 200 https://registry.npmjs.org/@clerk%2fnextjs 284ms (cache miss)
18 silly packumentCache full:https://registry.npmjs.org/@clerk%2fnextjs set size:undefined disposed:false
19 silly fetch manifest next@15.2.4
20 silly packumentCache full:https://registry.npmjs.org/next cache-miss
21 http fetch GET 200 https://registry.npmjs.org/next 316ms (cache miss)
22 silly packumentCache full:https://registry.npmjs.org/next set size:undefined disposed:false
23 silly fetch manifest @opentelemetry/api@^1.1.0
24 silly packumentCache full:https://registry.npmjs.org/@opentelemetry%2fapi cache-miss
25 http fetch GET 200 https://registry.npmjs.org/@opentelemetry%2fapi 59ms (cache miss)
26 silly packumentCache full:https://registry.npmjs.org/@opentelemetry%2fapi set size:undefined disposed:false
27 silly fetch manifest @playwright/test@^1.41.2
28 silly packumentCache full:https://registry.npmjs.org/@playwright%2ftest cache-miss
29 http fetch GET 200 https://registry.npmjs.org/@playwright%2ftest 267ms (cache miss)
30 silly packumentCache full:https://registry.npmjs.org/@playwright%2ftest set size:undefined disposed:false
31 silly fetch manifest babel-plugin-react-compiler@*
32 silly packumentCache full:https://registry.npmjs.org/babel-plugin-react-compiler cache-miss
33 http fetch GET 200 https://registry.npmjs.org/babel-plugin-react-compiler 43ms (cache miss)
34 silly packumentCache full:https://registry.npmjs.org/babel-plugin-react-compiler set size:undefined disposed:false
35 silly fetch manifest react@^19
36 silly packumentCache full:https://registry.npmjs.org/react cache-miss
37 http fetch GET 200 https://registry.npmjs.org/react 121ms (cache miss)
38 silly packumentCache full:https://registry.npmjs.org/react set size:undefined disposed:false
39 silly fetch manifest react-dom@^19
40 silly packumentCache full:https://registry.npmjs.org/react-dom cache-miss
41 http fetch GET 200 https://registry.npmjs.org/react-dom 141ms (cache miss)
42 silly packumentCache full:https://registry.npmjs.org/react-dom set size:undefined disposed:false
43 silly fetch manifest sass@^1.3.0
44 silly packumentCache full:https://registry.npmjs.org/sass cache-miss
45 http fetch GET 200 https://registry.npmjs.org/sass 39ms (cache miss)
46 silly packumentCache full:https://registry.npmjs.org/sass set size:undefined disposed:false
47 silly fetch manifest @hookform/resolvers@^3.10.0
48 silly packumentCache full:https://registry.npmjs.org/@hookform%2fresolvers cache-miss
49 http fetch GET 200 https://registry.npmjs.org/@hookform%2fresolvers 77ms (cache miss)
50 silly packumentCache full:https://registry.npmjs.org/@hookform%2fresolvers set size:undefined disposed:false
51 silly fetch manifest react-hook-form@^7.60.0
52 silly packumentCache full:https://registry.npmjs.org/react-hook-form cache-miss
53 http fetch GET 200 https://registry.npmjs.org/react-hook-form 97ms (cache miss)
54 silly packumentCache full:https://registry.npmjs.org/react-hook-form set size:undefined disposed:false
55 silly fetch manifest @radix-ui/react-accordion@1.2.2
56 silly packumentCache full:https://registry.npmjs.org/@radix-ui%2freact-accordion cache-miss
57 http fetch GET 200 https://registry.npmjs.org/@radix-ui%2freact-accordion 86ms (cache miss)
58 silly packumentCache full:https://registry.npmjs.org/@radix-ui%2freact-accordion set size:undefined disposed:false
59 silly fetch manifest @types/react@^19
60 silly packumentCache full:https://registry.npmjs.org/@types%2freact cache-miss
61 http fetch GET 200 https://registry.npmjs.org/@types%2freact 54ms (cache miss)
62 silly packumentCache full:https://registry.npmjs.org/@types%2freact set size:undefined disposed:false
63 silly fetch manifest @types/react-dom@^19
64 silly packumentCache full:https://registry.npmjs.org/@types%2freact-dom cache-miss
65 http fetch GET 200 https://registry.npmjs.org/@types%2freact-dom 38ms (cache miss)
66 silly packumentCache full:https://registry.npmjs.org/@types%2freact-dom set size:undefined disposed:false
67 silly fetch manifest @radix-ui/react-alert-dialog@1.1.4
68 silly packumentCache full:https://registry.npmjs.org/@radix-ui%2freact-alert-dialog cache-miss
69 http fetch GET 200 https://registry.npmjs.org/@radix-ui%2freact-alert-dialog 59ms (cache miss)
70 silly packumentCache full:https://registry.npmjs.org/@radix-ui%2freact-alert-dialog set size:undefined disposed:false
71 silly fetch manifest @radix-ui/react-aspect-ratio@1.1.1
72 silly packumentCache full:https://registry.npmjs.org/@radix-ui%2freact-aspect-ratio cache-miss
73 http fetch GET 200 https://registry.npmjs.org/@radix-ui%2freact-aspect-ratio 89ms (cache miss)
74 silly packumentCache full:https://registry.npmjs.org/@radix-ui%2freact-aspect-ratio set size:undefined disposed:false
75 silly fetch manifest @radix-ui/react-avatar@1.1.2
76 silly packumentCache full:https://registry.npmjs.org/@radix-ui%2freact-avatar cache-miss
77 http fetch GET 200 https://registry.npmjs.org/@radix-ui%2freact-avatar 65ms (cache miss)
78 silly packumentCache full:https://registry.npmjs.org/@radix-ui%2freact-avatar set size:undefined disposed:false
79 silly fetch manifest @radix-ui/react-checkbox@1.1.3
80 silly packumentCache full:https://registry.npmjs.org/@radix-ui%2freact-checkbox cache-miss
81 http fetch GET 200 https://registry.npmjs.org/@radix-ui%2freact-checkbox 62ms (cache miss)
82 silly packumentCache full:https://registry.npmjs.org/@radix-ui%2freact-checkbox set size:undefined disposed:false
83 silly fetch manifest @radix-ui/react-collapsible@1.1.2
84 silly packumentCache full:https://registry.npmjs.org/@radix-ui%2freact-collapsible cache-miss
85 http fetch GET 200 https://registry.npmjs.org/@radix-ui%2freact-collapsible 58ms (cache miss)
86 silly packumentCache full:https://registry.npmjs.org/@radix-ui%2freact-collapsible set size:undefined disposed:false
87 silly fetch manifest @radix-ui/react-context-menu@2.2.4
88 silly packumentCache full:https://registry.npmjs.org/@radix-ui%2freact-context-menu cache-miss
89 http fetch GET 200 https://registry.npmjs.org/@radix-ui%2freact-context-menu 51ms (cache miss)
90 silly packumentCache full:https://registry.npmjs.org/@radix-ui%2freact-context-menu set size:undefined disposed:false
91 silly fetch manifest @radix-ui/react-dialog@1.1.4
92 silly packumentCache full:https://registry.npmjs.org/@radix-ui%2freact-dialog cache-miss
93 http fetch GET 200 https://registry.npmjs.org/@radix-ui%2freact-dialog 58ms (cache miss)
94 silly packumentCache full:https://registry.npmjs.org/@radix-ui%2freact-dialog set size:undefined disposed:false
95 silly fetch manifest @radix-ui/react-dropdown-menu@2.1.4
96 silly packumentCache full:https://registry.npmjs.org/@radix-ui%2freact-dropdown-menu cache-miss
97 http fetch GET 200 https://registry.npmjs.org/@radix-ui%2freact-dropdown-menu 53ms (cache miss)
98 silly packumentCache full:https://registry.npmjs.org/@radix-ui%2freact-dropdown-menu set size:undefined disposed:false
99 silly fetch manifest @radix-ui/react-hover-card@1.1.4
100 silly packumentCache full:https://registry.npmjs.org/@radix-ui%2freact-hover-card cache-miss
101 http fetch GET 200 https://registry.npmjs.org/@radix-ui%2freact-hover-card 60ms (cache miss)
102 silly packumentCache full:https://registry.npmjs.org/@radix-ui%2freact-hover-card set size:undefined disposed:false
103 silly fetch manifest @radix-ui/react-label@2.1.1
104 silly packumentCache full:https://registry.npmjs.org/@radix-ui%2freact-label cache-miss
105 http fetch GET 200 https://registry.npmjs.org/@radix-ui%2freact-label 62ms (cache miss)
106 silly packumentCache full:https://registry.npmjs.org/@radix-ui%2freact-label set size:undefined disposed:false
107 silly fetch manifest @radix-ui/react-menubar@1.1.4
108 silly packumentCache full:https://registry.npmjs.org/@radix-ui%2freact-menubar cache-miss
109 http fetch GET 200 https://registry.npmjs.org/@radix-ui%2freact-menubar 47ms (cache miss)
110 silly packumentCache full:https://registry.npmjs.org/@radix-ui%2freact-menubar set size:undefined disposed:false
111 silly fetch manifest @radix-ui/react-navigation-menu@1.2.3
112 silly packumentCache full:https://registry.npmjs.org/@radix-ui%2freact-navigation-menu cache-miss
113 http fetch GET 200 https://registry.npmjs.org/@radix-ui%2freact-navigation-menu 49ms (cache miss)
114 silly packumentCache full:https://registry.npmjs.org/@radix-ui%2freact-navigation-menu set size:undefined disposed:false
115 silly fetch manifest @radix-ui/react-popover@1.1.4
116 silly packumentCache full:https://registry.npmjs.org/@radix-ui%2freact-popover cache-miss
117 http fetch GET 200 https://registry.npmjs.org/@radix-ui%2freact-popover 67ms (cache miss)
118 silly packumentCache full:https://registry.npmjs.org/@radix-ui%2freact-popover set size:undefined disposed:false
119 silly fetch manifest @radix-ui/react-progress@1.1.1
120 silly packumentCache full:https://registry.npmjs.org/@radix-ui%2freact-progress cache-miss
121 http fetch GET 200 https://registry.npmjs.org/@radix-ui%2freact-progress 53ms (cache miss)
122 silly packumentCache full:https://registry.npmjs.org/@radix-ui%2freact-progress set size:undefined disposed:false
123 silly fetch manifest @radix-ui/react-radio-group@1.2.2
124 silly packumentCache full:https://registry.npmjs.org/@radix-ui%2freact-radio-group cache-miss
125 http fetch GET 200 https://registry.npmjs.org/@radix-ui%2freact-radio-group 76ms (cache miss)
126 silly packumentCache full:https://registry.npmjs.org/@radix-ui%2freact-radio-group set size:undefined disposed:false
127 silly fetch manifest @radix-ui/react-scroll-area@1.2.2
128 silly packumentCache full:https://registry.npmjs.org/@radix-ui%2freact-scroll-area cache-miss
129 http fetch GET 200 https://registry.npmjs.org/@radix-ui%2freact-scroll-area 45ms (cache miss)
130 silly packumentCache full:https://registry.npmjs.org/@radix-ui%2freact-scroll-area set size:undefined disposed:false
131 silly fetch manifest @radix-ui/react-select@2.1.4
132 silly packumentCache full:https://registry.npmjs.org/@radix-ui%2freact-select cache-miss
133 http fetch GET 200 https://registry.npmjs.org/@radix-ui%2freact-select 59ms (cache miss)
134 silly packumentCache full:https://registry.npmjs.org/@radix-ui%2freact-select set size:undefined disposed:false
135 silly fetch manifest @radix-ui/react-separator@1.1.1
136 silly packumentCache full:https://registry.npmjs.org/@radix-ui%2freact-separator cache-miss
137 http fetch GET 200 https://registry.npmjs.org/@radix-ui%2freact-separator 82ms (cache miss)
138 silly packumentCache full:https://registry.npmjs.org/@radix-ui%2freact-separator set size:undefined disposed:false
139 silly fetch manifest @radix-ui/react-slider@1.2.2
140 silly packumentCache full:https://registry.npmjs.org/@radix-ui%2freact-slider cache-miss
141 http fetch GET 200 https://registry.npmjs.org/@radix-ui%2freact-slider 61ms (cache miss)
142 silly packumentCache full:https://registry.npmjs.org/@radix-ui%2freact-slider set size:undefined disposed:false
143 silly fetch manifest @radix-ui/react-slot@1.1.1
144 silly packumentCache full:https://registry.npmjs.org/@radix-ui%2freact-slot cache-miss
145 http fetch GET 200 https://registry.npmjs.org/@radix-ui%2freact-slot 57ms (cache miss)
146 silly packumentCache full:https://registry.npmjs.org/@radix-ui%2freact-slot set size:undefined disposed:false
147 silly fetch manifest @radix-ui/react-switch@1.1.2
148 silly packumentCache full:https://registry.npmjs.org/@radix-ui%2freact-switch cache-miss
149 http fetch GET 200 https://registry.npmjs.org/@radix-ui%2freact-switch 74ms (cache miss)
150 silly packumentCache full:https://registry.npmjs.org/@radix-ui%2freact-switch set size:undefined disposed:false
151 silly fetch manifest @radix-ui/react-tabs@1.1.2
152 silly packumentCache full:https://registry.npmjs.org/@radix-ui%2freact-tabs cache-miss
153 http fetch GET 200 https://registry.npmjs.org/@radix-ui%2freact-tabs 55ms (cache miss)
154 silly packumentCache full:https://registry.npmjs.org/@radix-ui%2freact-tabs set size:undefined disposed:false
155 silly fetch manifest @radix-ui/react-toast@1.2.4
156 silly packumentCache full:https://registry.npmjs.org/@radix-ui%2freact-toast cache-miss
157 http fetch GET 200 https://registry.npmjs.org/@radix-ui%2freact-toast 49ms (cache miss)
158 silly packumentCache full:https://registry.npmjs.org/@radix-ui%2freact-toast set size:undefined disposed:false
159 silly fetch manifest @radix-ui/react-toggle@1.1.1
160 silly packumentCache full:https://registry.npmjs.org/@radix-ui%2freact-toggle cache-miss
161 http fetch GET 200 https://registry.npmjs.org/@radix-ui%2freact-toggle 56ms (cache miss)
162 silly packumentCache full:https://registry.npmjs.org/@radix-ui%2freact-toggle set size:undefined disposed:false
163 silly fetch manifest @radix-ui/react-toggle-group@1.1.1
164 silly packumentCache full:https://registry.npmjs.org/@radix-ui%2freact-toggle-group cache-miss
165 http fetch GET 200 https://registry.npmjs.org/@radix-ui%2freact-toggle-group 61ms (cache miss)
166 silly packumentCache full:https://registry.npmjs.org/@radix-ui%2freact-toggle-group set size:undefined disposed:false
167 silly fetch manifest @radix-ui/react-tooltip@1.1.6
168 silly packumentCache full:https://registry.npmjs.org/@radix-ui%2freact-tooltip cache-miss
169 http fetch GET 200 https://registry.npmjs.org/@radix-ui%2freact-tooltip 61ms (cache miss)
170 silly packumentCache full:https://registry.npmjs.org/@radix-ui%2freact-tooltip set size:undefined disposed:false
171 silly fetch manifest autoprefixer@^10.4.20
172 silly packumentCache full:https://registry.npmjs.org/autoprefixer cache-miss
173 http fetch GET 200 https://registry.npmjs.org/autoprefixer 38ms (cache miss)
174 silly packumentCache full:https://registry.npmjs.org/autoprefixer set size:undefined disposed:false
175 silly fetch manifest postcss@^8.5
176 silly packumentCache full:https://registry.npmjs.org/postcss cache-miss
177 http fetch GET 200 https://registry.npmjs.org/postcss 37ms (cache miss)
178 silly packumentCache full:https://registry.npmjs.org/postcss set size:undefined disposed:false
179 silly fetch manifest class-variance-authority@^0.7.1
180 silly packumentCache full:https://registry.npmjs.org/class-variance-authority cache-miss
181 http fetch GET 200 https://registry.npmjs.org/class-variance-authority 29ms (cache miss)
182 silly packumentCache full:https://registry.npmjs.org/class-variance-authority set size:undefined disposed:false
183 silly fetch manifest clsx@^2.1.1
184 silly packumentCache full:https://registry.npmjs.org/clsx cache-miss
185 http fetch GET 200 https://registry.npmjs.org/clsx 68ms (cache miss)
186 silly packumentCache full:https://registry.npmjs.org/clsx set size:undefined disposed:false
187 silly fetch manifest cmdk@1.0.4
188 silly packumentCache full:https://registry.npmjs.org/cmdk cache-miss
189 http fetch GET 200 https://registry.npmjs.org/cmdk 39ms (cache miss)
190 silly packumentCache full:https://registry.npmjs.org/cmdk set size:undefined disposed:false
191 silly fetch manifest date-fns@4.1.0
192 silly packumentCache full:https://registry.npmjs.org/date-fns cache-miss
193 http fetch GET 200 https://registry.npmjs.org/date-fns 174ms (cache miss)
194 silly packumentCache full:https://registry.npmjs.org/date-fns set size:undefined disposed:false
195 silly fetch manifest embla-carousel-react@8.5.1
196 silly packumentCache full:https://registry.npmjs.org/embla-carousel-react cache-miss
197 http fetch GET 200 https://registry.npmjs.org/embla-carousel-react 27ms (cache miss)
198 silly packumentCache full:https://registry.npmjs.org/embla-carousel-react set size:undefined disposed:false
199 silly fetch manifest geist@^1.3.1
200 silly packumentCache full:https://registry.npmjs.org/geist cache-miss
201 http fetch GET 200 https://registry.npmjs.org/geist 26ms (cache miss)
202 silly packumentCache full:https://registry.npmjs.org/geist set size:undefined disposed:false
203 silly fetch manifest input-otp@1.4.1
204 silly packumentCache full:https://registry.npmjs.org/input-otp cache-miss
205 http fetch GET 200 https://registry.npmjs.org/input-otp 40ms (cache miss)
206 silly packumentCache full:https://registry.npmjs.org/input-otp set size:undefined disposed:false
207 silly fetch manifest lucide-react@^0.454.0
208 silly packumentCache full:https://registry.npmjs.org/lucide-react cache-miss
209 http fetch GET 200 https://registry.npmjs.org/lucide-react 60ms (cache miss)
210 silly packumentCache full:https://registry.npmjs.org/lucide-react set size:undefined disposed:false
211 silly fetch manifest next-themes@^0.4.6
212 silly packumentCache full:https://registry.npmjs.org/next-themes cache-miss
213 http fetch GET 200 https://registry.npmjs.org/next-themes 34ms (cache miss)
214 silly packumentCache full:https://registry.npmjs.org/next-themes set size:undefined disposed:false
215 silly fetch manifest react-day-picker@9.8.0
216 silly packumentCache full:https://registry.npmjs.org/react-day-picker cache-miss
217 http fetch GET 200 https://registry.npmjs.org/react-day-picker 57ms (cache miss)
218 silly packumentCache full:https://registry.npmjs.org/react-day-picker set size:undefined disposed:false
219 silly fetch manifest react-resizable-panels@^2.1.7
220 silly packumentCache full:https://registry.npmjs.org/react-resizable-panels cache-miss
221 http fetch GET 200 https://registry.npmjs.org/react-resizable-panels 32ms (cache miss)
222 silly packumentCache full:https://registry.npmjs.org/react-resizable-panels set size:undefined disposed:false
223 silly fetch manifest recharts@2.15.4
224 silly packumentCache full:https://registry.npmjs.org/recharts cache-miss
225 http fetch GET 200 https://registry.npmjs.org/recharts 50ms (cache miss)
226 silly packumentCache full:https://registry.npmjs.org/recharts set size:undefined disposed:false
227 silly fetch manifest sonner@^1.7.4
228 silly packumentCache full:https://registry.npmjs.org/sonner cache-miss
229 http fetch GET 200 https://registry.npmjs.org/sonner 31ms (cache miss)
230 silly packumentCache full:https://registry.npmjs.org/sonner set size:undefined disposed:false
231 silly fetch manifest stripe@latest
232 silly packumentCache full:https://registry.npmjs.org/stripe cache-miss
233 http fetch GET 200 https://registry.npmjs.org/stripe 62ms (cache miss)
234 silly packumentCache full:https://registry.npmjs.org/stripe set size:undefined disposed:false
235 silly fetch manifest @types/node@^22
236 silly packumentCache full:https://registry.npmjs.org/@types%2fnode cache-miss
237 http fetch GET 200 https://registry.npmjs.org/@types%2fnode 163ms (cache miss)
238 silly packumentCache full:https://registry.npmjs.org/@types%2fnode set size:undefined disposed:false
239 silly fetch manifest tailwind-merge@^2.5.5
240 silly packumentCache full:https://registry.npmjs.org/tailwind-merge cache-miss
241 http fetch GET 200 https://registry.npmjs.org/tailwind-merge 40ms (cache miss)
242 silly packumentCache full:https://registry.npmjs.org/tailwind-merge set size:undefined disposed:false
243 silly fetch manifest tailwindcss-animate@^1.0.7
244 silly packumentCache full:https://registry.npmjs.org/tailwindcss-animate cache-miss
245 http fetch GET 200 https://registry.npmjs.org/tailwindcss-animate 25ms (cache miss)
246 silly packumentCache full:https://registry.npmjs.org/tailwindcss-animate set size:undefined disposed:false
247 silly fetch manifest tailwindcss@^4.1.9
248 silly packumentCache full:https://registry.npmjs.org/tailwindcss cache-miss
249 http fetch GET 200 https://registry.npmjs.org/tailwindcss 230ms (cache miss)
250 silly packumentCache full:https://registry.npmjs.org/tailwindcss set size:undefined disposed:false
251 silly fetch manifest vaul@^0.9.9
252 silly packumentCache full:https://registry.npmjs.org/vaul cache-miss
253 http fetch GET 200 https://registry.npmjs.org/vaul 37ms (cache miss)
254 silly packumentCache full:https://registry.npmjs.org/vaul set size:undefined disposed:false
255 silly fetch manifest react@^16.8 || ^17.0 || ^18.0
256 silly packumentCache full:https://registry.npmjs.org/react cache-miss
257 http cache https://registry.npmjs.org/react 9ms (cache hit)
258 silly packumentCache full:https://registry.npmjs.org/react set size:5958203 disposed:false
259 verbose stack Error: unable to resolve dependency tree
259 verbose stack     at #failPeerConflict (/opt/homebrew/lib/node_modules/npm/node_modules/@npmcli/arborist/lib/arborist/build-ideal-tree.js:1363:25)
259 verbose stack     at #loadPeerSet (/opt/homebrew/lib/node_modules/npm/node_modules/@npmcli/arborist/lib/arborist/build-ideal-tree.js:1329:33)
259 verbose stack     at async #buildDepStep (/opt/homebrew/lib/node_modules/npm/node_modules/@npmcli/arborist/lib/arborist/build-ideal-tree.js:904:11)
259 verbose stack     at async Arborist.buildIdealTree (/opt/homebrew/lib/node_modules/npm/node_modules/@npmcli/arborist/lib/arborist/build-ideal-tree.js:181:7)
259 verbose stack     at async Promise.all (index 1)
259 verbose stack     at async Arborist.reify (/opt/homebrew/lib/node_modules/npm/node_modules/@npmcli/arborist/lib/arborist/reify.js:131:5)
259 verbose stack     at async Install.exec (/opt/homebrew/lib/node_modules/npm/lib/commands/install.js:150:5)
259 verbose stack     at async Npm.exec (/opt/homebrew/lib/node_modules/npm/lib/npm.js:207:9)
259 verbose stack     at async module.exports (/opt/homebrew/lib/node_modules/npm/lib/cli/entry.js:74:5)
260 error code ERESOLVE
261 error ERESOLVE unable to resolve dependency tree
262 error
263 error While resolving: my-v0-project@0.1.0
263 error Found: react@19.1.1[2m[22m
263 error [2mnode_modules/react[22m
263 error   react@"^19" from the root project
263 error
263 error Could not resolve dependency:
263 error [95mpeer[39m react@"^16.8 || ^17.0 || ^18.0" from vaul@0.9.9[2m[22m
263 error [2mnode_modules/vaul[22m
263 error   vaul@"^0.9.9" from the root project
263 error
263 error Fix the upstream dependency conflict, or retry
263 error this command with --force or --legacy-peer-deps
263 error to accept an incorrect (and potentially broken) dependency resolution.
264 error
264 error
264 error For a full report see:
264 error /Users/mitch/MailMountains Projects/Web App/mailmountains/.npm-cache/_logs/2025-08-19T12_41_33_088Z-eresolve-report.txt
265 silly unfinished npm timer reify 1755607293174
266 silly unfinished npm timer reify:loadTrees 1755607293174
267 silly unfinished npm timer idealTree:buildDeps 1755607293178
268 silly unfinished npm timer idealTree:#root 1755607293178
269 verbose cwd /Users/mitch/MailMountains Projects/Web App/mailmountains
270 verbose os Darwin 24.6.0
271 verbose node v23.11.0
272 verbose npm  v10.9.2
273 notice
273 notice New [31mmajor[39m version of npm available! [31m10.9.2[39m -> [34m11.5.2[39m
273 notice Changelog: [34mhttps://github.com/npm/cli/releases/tag/v11.5.2[39m
273 notice To update run: [4mnpm install -g npm@11.5.2[24m
273 notice  { force: true, [Symbol(proc-log.meta)]: true }
274 verbose exit 1
275 verbose code 1
276 error A complete log of this run can be found in: /Users/mitch/MailMountains Projects/Web App/mailmountains/.npm-cache/_logs/2025-08-19T12_41_33_088Z-debug-0.log
